Restler Error: 0 : Warning: unknown checker PayloadBody specified. If this is a custom checker, ignore this message.
    DateTime=2020-12-01T20:18:05.5595102Z
Restler Information: 0 : Log share was not specified.  Logs will not be uploaded.
    DateTime=2020-12-01T20:18:05.6929911Z
Restler Information: 0 : Starting task Fuzz...
    DateTime=2020-12-01T20:18:05.7009946Z
Restler Information: 0 : Launching 'python -B C:\Users\Joshua\source\repos\restler-fuzzer\restler_bin\restler\../engine/restler.py --restler_grammar "C:\Users\Joshua\source\repos\restler-fuzzer-testing\Server\restler-fuzzer\results\Compile\grammar.py" --custom_mutations "C:\Users\Joshua\source\repos\restler-fuzzer-testing\Server\restler-fuzzer\results\Compile\dict.json" --set_version 7.1.0   --no_ssl --host localhost:5000  --settings C:\Users\Joshua\source\repos\restler-fuzzer-testing\Server\restler-fuzzer\results\Compile\engine_settings.json --enable_checkers * --disable_checkers namespacerule --enable_checkers PayloadBody --time_budget 1.000000 --target_ip localhost --target_port 5000 --include_user_agent --no_tokens_in_logs t --garbage_collection_interval 30 --fuzzing_mode bfs-cheap'
    DateTime=2020-12-01T20:18:05.7990370Z
Restler Information: 0 : Process execution terminated in 00:00:12.4885703 with exit code 0x0: 'python -B C:\Users\Joshua\source\repos\restler-fuzzer\restler_bin\restler\../engine/restler.py --restler_grammar "C:\Users\Joshua\source\repos\restler-fuzzer-testing\Server\restler-fuzzer\results\Compile\grammar.py" --custom_mutations "C:\Users\Joshua\source\repos\restler-fuzzer-testing\Server\restler-fuzzer\results\Compile\dict.json" --set_version 7.1.0   --no_ssl --host localhost:5000  --settings C:\Users\Joshua\source\repos\restler-fuzzer-testing\Server\restler-fuzzer\results\Compile\engine_settings.json --enable_checkers * --disable_checkers namespacerule --enable_checkers PayloadBody --time_budget 1.000000 --target_ip localhost --target_port 5000 --include_user_agent --no_tokens_in_logs t --garbage_collection_interval 30 --fuzzing_mode bfs-cheap'
    DateTime=2020-12-01T20:18:18.2952570Z
Restler Information: 0 : (40856) python -B C:\Users\Joshua\source\repos\restler-fuzzer\restler_bin\restler\../engine/restler.py --restler_grammar "C:\Users\Joshua\source\repos\restler-fuzzer-testing\Server\restler-fuzzer\results\Compile\grammar.py" --custom_mutations "C:\Users\Joshua\source\repos\restler-fuzzer-testing\Server\restler-fuzzer\results\Compile\dict.json" --set_version 7.1.0   --no_ssl --host localhost:5000  --settings C:\Users\Joshua\source\repos\restler-fuzzer-testing\Server\restler-fuzzer\results\Compile\engine_settings.json --enable_checkers * --disable_checkers namespacerule --enable_checkers PayloadBody --time_budget 1.000000 --target_ip localhost --target_port 5000 --include_user_agent --no_tokens_in_logs t --garbage_collection_interval 30 --fuzzing_mode bfs-cheap exited with code: 0
    DateTime=2020-12-01T20:18:18.3023781Z
Restler Information: 0 : Launching 'dotnet "C:\Users\Joshua\source\repos\restler-fuzzer\restler_bin\restler\../resultsAnalyzer/Restler.ResultsAnalyzer.dll" analyze "C:\Users\Joshua\source\repos\restler-fuzzer-testing\Server\restler-fuzzer\results\Fuzz" --output_dir "C:\Users\Joshua\source\repos\restler-fuzzer-testing\Server\restler-fuzzer\results\Fuzz\ResponseBuckets" --dictionary_file "C:\Users\Joshua\source\repos\restler-fuzzer-testing\Server\restler-fuzzer\results\Compile\dict.json" --max_instances_per_bucket 10'
    DateTime=2020-12-01T20:18:18.3183497Z
Restler Information: 0 : Process execution terminated in 00:00:00.8676627 with exit code 0x0: 'dotnet "C:\Users\Joshua\source\repos\restler-fuzzer\restler_bin\restler\../resultsAnalyzer/Restler.ResultsAnalyzer.dll" analyze "C:\Users\Joshua\source\repos\restler-fuzzer-testing\Server\restler-fuzzer\results\Fuzz" --output_dir "C:\Users\Joshua\source\repos\restler-fuzzer-testing\Server\restler-fuzzer\results\Fuzz\ResponseBuckets" --dictionary_file "C:\Users\Joshua\source\repos\restler-fuzzer-testing\Server\restler-fuzzer\results\Compile\dict.json" --max_instances_per_bucket 10'
    DateTime=2020-12-01T20:18:19.1863522Z
Restler Information: 0 : (36176) dotnet "C:\Users\Joshua\source\repos\restler-fuzzer\restler_bin\restler\../resultsAnalyzer/Restler.ResultsAnalyzer.dll" analyze "C:\Users\Joshua\source\repos\restler-fuzzer-testing\Server\restler-fuzzer\results\Fuzz" --output_dir "C:\Users\Joshua\source\repos\restler-fuzzer-testing\Server\restler-fuzzer\results\Fuzz\ResponseBuckets" --dictionary_file "C:\Users\Joshua\source\repos\restler-fuzzer-testing\Server\restler-fuzzer\results\Compile\dict.json" --max_instances_per_bucket 10 exited with code: 0
    DateTime=2020-12-01T20:18:19.1866823Z
Restler Information: 0 : Request coverage (successful / total): 1 / 1
    DateTime=2020-12-01T20:18:19.3796424Z
Restler Information: 0 : No bugs were found.
    DateTime=2020-12-01T20:18:19.3825492Z
Restler Information: 0 : Task Fuzz succeeded.
    DateTime=2020-12-01T20:18:19.3882194Z
Restler Information: 0 : Collecting logs...
    DateTime=2020-12-01T20:18:19.3977945Z
