Restler Information: 0 : Log share was not specified.  Logs will not be uploaded.
    DateTime=2020-12-04T15:40:37.3265216Z
Restler Information: 0 : Starting task Fuzz...
    DateTime=2020-12-04T15:40:37.3354522Z
Restler Information: 0 : Launching 'python -B C:\Users\Joshua\source\repos\restler-fuzzer\restler_bin\restler\../engine/restler.py --restler_grammar "C:\Users\Joshua\source\repos\restler-fuzzer-testing\Server\restler-fuzzer\results\Compile\grammar.py" --custom_mutations "C:\Users\Joshua\source\repos\restler-fuzzer-testing\Server\restler-fuzzer\results\Compile\dict.json" --set_version 7.1.0   --no_ssl --host localhost:5000  --settings C:\Users\Joshua\source\repos\restler-fuzzer-testing\Server\restler-fuzzer\results\Compile\engine_settings.json --enable_checkers * --disable_checkers namespacerule --time_budget 1.000000 --target_ip localhost --target_port 5000 --include_user_agent --no_tokens_in_logs t --garbage_collection_interval 30 --fuzzing_mode bfs-cheap'
    DateTime=2020-12-04T15:40:37.4310190Z
Restler Information: 0 : Process execution terminated in 00:03:01.4254823 with exit code 0x0: 'python -B C:\Users\Joshua\source\repos\restler-fuzzer\restler_bin\restler\../engine/restler.py --restler_grammar "C:\Users\Joshua\source\repos\restler-fuzzer-testing\Server\restler-fuzzer\results\Compile\grammar.py" --custom_mutations "C:\Users\Joshua\source\repos\restler-fuzzer-testing\Server\restler-fuzzer\results\Compile\dict.json" --set_version 7.1.0   --no_ssl --host localhost:5000  --settings C:\Users\Joshua\source\repos\restler-fuzzer-testing\Server\restler-fuzzer\results\Compile\engine_settings.json --enable_checkers * --disable_checkers namespacerule --time_budget 1.000000 --target_ip localhost --target_port 5000 --include_user_agent --no_tokens_in_logs t --garbage_collection_interval 30 --fuzzing_mode bfs-cheap'
    DateTime=2020-12-04T15:43:38.8689222Z
Restler Information: 0 : (37796) python -B C:\Users\Joshua\source\repos\restler-fuzzer\restler_bin\restler\../engine/restler.py --restler_grammar "C:\Users\Joshua\source\repos\restler-fuzzer-testing\Server\restler-fuzzer\results\Compile\grammar.py" --custom_mutations "C:\Users\Joshua\source\repos\restler-fuzzer-testing\Server\restler-fuzzer\results\Compile\dict.json" --set_version 7.1.0   --no_ssl --host localhost:5000  --settings C:\Users\Joshua\source\repos\restler-fuzzer-testing\Server\restler-fuzzer\results\Compile\engine_settings.json --enable_checkers * --disable_checkers namespacerule --time_budget 1.000000 --target_ip localhost --target_port 5000 --include_user_agent --no_tokens_in_logs t --garbage_collection_interval 30 --fuzzing_mode bfs-cheap exited with code: 0
    DateTime=2020-12-04T15:43:38.8763956Z
Restler Information: 0 : Launching 'dotnet "C:\Users\Joshua\source\repos\restler-fuzzer\restler_bin\restler\../resultsAnalyzer/Restler.ResultsAnalyzer.dll" analyze "C:\Users\Joshua\source\repos\restler-fuzzer-testing\Server\restler-fuzzer\results\Fuzz" --output_dir "C:\Users\Joshua\source\repos\restler-fuzzer-testing\Server\restler-fuzzer\results\Fuzz\ResponseBuckets" --dictionary_file "C:\Users\Joshua\source\repos\restler-fuzzer-testing\Server\restler-fuzzer\results\Compile\dict.json" --max_instances_per_bucket 10'
    DateTime=2020-12-04T15:43:38.8916311Z
Restler Information: 0 : Process execution terminated in 00:00:00.8478277 with exit code 0x0: 'dotnet "C:\Users\Joshua\source\repos\restler-fuzzer\restler_bin\restler\../resultsAnalyzer/Restler.ResultsAnalyzer.dll" analyze "C:\Users\Joshua\source\repos\restler-fuzzer-testing\Server\restler-fuzzer\results\Fuzz" --output_dir "C:\Users\Joshua\source\repos\restler-fuzzer-testing\Server\restler-fuzzer\results\Fuzz\ResponseBuckets" --dictionary_file "C:\Users\Joshua\source\repos\restler-fuzzer-testing\Server\restler-fuzzer\results\Compile\dict.json" --max_instances_per_bucket 10'
    DateTime=2020-12-04T15:43:39.7398023Z
Restler Information: 0 : (30632) dotnet "C:\Users\Joshua\source\repos\restler-fuzzer\restler_bin\restler\../resultsAnalyzer/Restler.ResultsAnalyzer.dll" analyze "C:\Users\Joshua\source\repos\restler-fuzzer-testing\Server\restler-fuzzer\results\Fuzz" --output_dir "C:\Users\Joshua\source\repos\restler-fuzzer-testing\Server\restler-fuzzer\results\Fuzz\ResponseBuckets" --dictionary_file "C:\Users\Joshua\source\repos\restler-fuzzer-testing\Server\restler-fuzzer\results\Compile\dict.json" --max_instances_per_bucket 10 exited with code: 0
    DateTime=2020-12-04T15:43:39.7400837Z
Restler Information: 0 : Request coverage (successful / total): 1 / 1
    DateTime=2020-12-04T15:43:39.9577377Z
Restler Information: 0 : No bugs were found.
    DateTime=2020-12-04T15:43:39.9608097Z
Restler Information: 0 : Task Fuzz succeeded.
    DateTime=2020-12-04T15:43:39.9733366Z
Restler Information: 0 : Collecting logs...
    DateTime=2020-12-04T15:43:39.9790025Z
